{"error":{},"level":"error","message":"uncaughtException: morgan is not defined\nReferenceError: morgan is not defined\n    at Object.<anonymous> (D:\\All Project\\MRC Logistics\\server-application\\app.js:25:5)\n    at Module._compile (internal/modules/cjs/loader.js:955:30)\n    at Object.Module._extensions..js (internal/modules/cjs/loader.js:991:10)\n    at Module.load (internal/modules/cjs/loader.js:811:32)\n    at Function.Module._load (internal/modules/cjs/loader.js:723:14)\n    at Function.Module.runMain (internal/modules/cjs/loader.js:1043:10)\n    at internal/main/run_main_module.js:17:11","stack":"ReferenceError: morgan is not defined\n    at Object.<anonymous> (D:\\All Project\\MRC Logistics\\server-application\\app.js:25:5)\n    at Module._compile (internal/modules/cjs/loader.js:955:30)\n    at Object.Module._extensions..js (internal/modules/cjs/loader.js:991:10)\n    at Module.load (internal/modules/cjs/loader.js:811:32)\n    at Function.Module._load (internal/modules/cjs/loader.js:723:14)\n    at Function.Module.runMain (internal/modules/cjs/loader.js:1043:10)\n    at internal/main/run_main_module.js:17:11","exception":true,"date":"Wed Apr 15 2020 11:36:45 GMT+0530 (India Standard Time)","process":{"pid":8944,"uid":null,"gid":null,"cwd":"D:\\All Project\\MRC Logistics\\server-application","execPath":"C:\\Program Files\\nodejs\\node.exe","version":"v12.14.1","argv":["C:\\Program Files\\nodejs\\node.exe","D:\\All Project\\MRC Logistics\\server-application\\app.js"],"memoryUsage":{"rss":61079552,"heapTotal":51322880,"heapUsed":27614920,"external":3129020}},"os":{"loadavg":[0,0,0],"uptime":2115},"trace":[{"column":5,"file":"D:\\All Project\\MRC Logistics\\server-application\\app.js","function":null,"line":25,"method":null,"native":false},{"column":30,"file":"internal/modules/cjs/loader.js","function":"Module._compile","line":955,"method":"_compile","native":false},{"column":10,"file":"internal/modules/cjs/loader.js","function":"Module._extensions..js","line":991,"method":".js","native":false},{"column":32,"file":"internal/modules/cjs/loader.js","function":"Module.load","line":811,"method":"load","native":false},{"column":14,"file":"internal/modules/cjs/loader.js","function":"Module._load","line":723,"method":"_load","native":false},{"column":10,"file":"internal/modules/cjs/loader.js","function":"Module.runMain","line":1043,"method":"runMain","native":false},{"column":11,"file":"internal/main/run_main_module.js","function":null,"line":17,"method":null,"native":false}]}
{"message":"::1 - - [15/Apr/2020:06:08:05 +0000] \"POST /users/sign_in HTTP/1.1\" 200 161 \"-\" \"PostmanRuntime/7.24.1\"\n","level":"info"}
{"message":"::1 - - [15/Apr/2020:06:15:03 +0000] \"POST /users/sign_in HTTP/1.1\" 401 41 \"-\" \"PostmanRuntime/7.24.1\"\n","level":"info"}
{"message":"::1 - - [15/Apr/2020:06:15:53 +0000] \"POST /users/sign_in HTTP/1.1\" 401 41 \"-\" \"PostmanRuntime/7.24.1\"\n","level":"info"}
{"message":"::1 - - [15/Apr/2020:06:16:41 +0000] \"POST /users/sign_in HTTP/1.1\" 401 41 \"-\" \"PostmanRuntime/7.24.1\"\n","level":"info"}
{"message":"::1 - - [15/Apr/2020:06:17:52 +0000] \"POST /users/sign_in HTTP/1.1\" 401 62 \"-\" \"PostmanRuntime/7.24.1\"\n","level":"info"}
{"message":"::1 - - [15/Apr/2020:06:18:21 +0000] \"POST /users/sign_in HTTP/1.1\" 401 62 \"-\" \"PostmanRuntime/7.24.1\"\n","level":"info"}
{"message":"::1 - - [15/Apr/2020:06:19:18 +0000] \"POST /users/sign_in HTTP/1.1\" 401 73 \"-\" \"PostmanRuntime/7.24.1\"\n","level":"info"}
{"message":"::1 - - [02/Jun/2020:05:37:34 +0000] \"GET /users HTTP/1.1\" 200 1465 \"-\" \"PostmanRuntime/7.25.0\"\n","level":"info"}
{"message":"::1 - - [02/Jun/2020:05:45:22 +0000] \"POST /users HTTP/1.1\" - - \"-\" \"PostmanRuntime/7.25.0\"\n","level":"info"}
{"message":"::1 - - [02/Jun/2020:05:51:53 +0000] \"POST /users HTTP/1.1\" 200 161 \"-\" \"PostmanRuntime/7.25.0\"\n","level":"info"}
{"message":"::1 - - [02/Jun/2020:05:52:22 +0000] \"POST /users/sign_In HTTP/1.1\" 200 509 \"-\" \"PostmanRuntime/7.25.0\"\n","level":"info"}
{"message":"::1 - - [02/Jun/2020:05:53:55 +0000] \"POST /materialinwards HTTP/1.1\" - - \"-\" \"PostmanRuntime/7.25.0\"\n","level":"info"}
{"message":"::1 - - [02/Jun/2020:05:54:02 +0000] \"GET /materialinwards HTTP/1.1\" 200 2 \"-\" \"PostmanRuntime/7.25.0\"\n","level":"info"}
{"message":"::1 - - [02/Jun/2020:05:54:27 +0000] \"GET /pickings HTTP/1.1\" 200 2 \"-\" \"PostmanRuntime/7.25.0\"\n","level":"info"}
{"message":"::1 - - [02/Jun/2020:06:00:35 +0000] \"GET /putaways HTTP/1.1\" 200 2 \"-\" \"PostmanRuntime/7.25.0\"\n","level":"info"}
{"message":"::1 - - [02/Jun/2020:06:01:49 +0000] \"GET /users HTTP/1.1\" 200 1975 \"-\" \"PostmanRuntime/7.25.0\"\n","level":"info"}
{"message":"::1 - - [02/Jun/2020:06:03:14 +0000] \"POST /materialinwards HTTP/1.1\" 200 462 \"-\" \"PostmanRuntime/7.25.0\"\n","level":"info"}
{"message":"::1 - - [02/Jun/2020:06:03:54 +0000] \"GET /materialinwards HTTP/1.1\" 200 3672 \"-\" \"PostmanRuntime/7.25.0\"\n","level":"info"}
{"message":"::1 - - [02/Jun/2020:06:09:03 +0000] \"POST /pickings HTTP/1.1\" 200 399 \"-\" \"PostmanRuntime/7.25.0\"\n","level":"info"}
{"message":"::1 - - [02/Jun/2020:06:09:27 +0000] \"POST /putaways HTTP/1.1\" 200 399 \"-\" \"PostmanRuntime/7.25.0\"\n","level":"info"}
{"message":"::1 - - [02/Jun/2020:06:09:37 +0000] \"GET /putaways HTTP/1.1\" 200 1010 \"-\" \"PostmanRuntime/7.25.0\"\n","level":"info"}
{"message":"::1 - - [02/Jun/2020:06:09:53 +0000] \"GET /pickings HTTP/1.1\" 200 1010 \"-\" \"PostmanRuntime/7.25.0\"\n","level":"info"}
{"message":"::1 - - [02/Jun/2020:06:11:10 +0000] \"GET /transactions HTTP/1.1\" 404 151 \"-\" \"PostmanRuntime/7.25.0\"\n","level":"info"}
{"message":"::1 - - [02/Jun/2020:06:11:43 +0000] \"GET /transactions HTTP/1.1\" 404 151 \"-\" \"PostmanRuntime/7.25.0\"\n","level":"info"}
{"message":"::1 - - [02/Jun/2020:06:16:07 +0000] \"GET /transactions HTTP/1.1\" 404 151 \"-\" \"PostmanRuntime/7.25.0\"\n","level":"info"}
{"message":"::1 - - [02/Jun/2020:06:16:10 +0000] \"GET /transactions HTTP/1.1\" 404 151 \"-\" \"PostmanRuntime/7.25.0\"\n","level":"info"}
{"message":"::1 - - [02/Jun/2020:06:17:35 +0000] \"POST /materialinwards HTTP/1.1\" 200 462 \"-\" \"PostmanRuntime/7.25.0\"\n","level":"info"}
{"message":"::1 - - [02/Jun/2020:06:22:17 +0000] \"POST /materialinwards HTTP/1.1\" 200 462 \"-\" \"PostmanRuntime/7.25.0\"\n","level":"info"}
{"message":"::1 - - [02/Jun/2020:06:24:46 +0000] \"POST /materialinwards HTTP/1.1\" 200 462 \"-\" \"PostmanRuntime/7.25.0\"\n","level":"info"}
{"message":"::1 - - [02/Jun/2020:06:25:35 +0000] \"GET /pickings//picked HTTP/1.1\" 200 2 \"-\" \"PostmanRuntime/7.25.0\"\n","level":"info"}
{"message":"::1 - - [02/Jun/2020:06:25:38 +0000] \"GET /pickings/picked HTTP/1.1\" 200 2 \"-\" \"PostmanRuntime/7.25.0\"\n","level":"info"}
{"message":"::1 - - [02/Jun/2020:06:26:11 +0000] \"GET /pickings HTTP/1.1\" 200 1010 \"-\" \"PostmanRuntime/7.25.0\"\n","level":"info"}
{"message":"::1 - - [02/Jun/2020:06:26:39 +0000] \"PUT /pickings/1 HTTP/1.1\" 500 33 \"-\" \"PostmanRuntime/7.25.0\"\n","level":"info"}
{"message":"::1 - - [02/Jun/2020:06:27:05 +0000] \"PUT /pickings/1 HTTP/1.1\" 500 33 \"-\" \"PostmanRuntime/7.25.0\"\n","level":"info"}
{"message":"::1 - - [02/Jun/2020:06:28:00 +0000] \"GET /pickings HTTP/1.1\" 200 1010 \"-\" \"PostmanRuntime/7.25.0\"\n","level":"info"}
{"message":"::1 - - [02/Jun/2020:06:28:28 +0000] \"PUT /pickings/1 HTTP/1.1\" 200 44 \"-\" \"PostmanRuntime/7.25.0\"\n","level":"info"}
{"message":"::1 - - [02/Jun/2020:06:28:43 +0000] \"GET /pickings/picked HTTP/1.1\" 200 1016 \"-\" \"PostmanRuntime/7.25.0\"\n","level":"info"}
{"message":"::1 - - [02/Jun/2020:06:29:09 +0000] \"GET /pickings/get/dashboardCount HTTP/1.1\" 200 49 \"-\" \"PostmanRuntime/7.25.0\"\n","level":"info"}
{"message":"::1 - - [02/Jun/2020:06:29:53 +0000] \"GET /putaways HTTP/1.1\" 200 1010 \"-\" \"PostmanRuntime/7.25.0\"\n","level":"info"}
{"message":"::1 - - [02/Jun/2020:06:30:48 +0000] \"PUT /putaways/1 HTTP/1.1\" 200 44 \"-\" \"PostmanRuntime/7.25.0\"\n","level":"info"}
{"message":"::1 - - [02/Jun/2020:06:30:55 +0000] \"GET /putaways/1 HTTP/1.1\" 404 149 \"-\" \"PostmanRuntime/7.25.0\"\n","level":"info"}
{"message":"::1 - - [02/Jun/2020:06:31:00 +0000] \"GET /putaways HTTP/1.1\" 200 2 \"-\" \"PostmanRuntime/7.25.0\"\n","level":"info"}
{"message":"::1 - - [02/Jun/2020:06:31:57 +0000] \"GET /putaways/scanned HTTP/1.1\" 200 1015 \"-\" \"PostmanRuntime/7.25.0\"\n","level":"info"}
{"message":"::1 - - [02/Jun/2020:06:32:28 +0000] \"GET /putaways/get/dashboardCount HTTP/1.1\" 200 50 \"-\" \"PostmanRuntime/7.25.0\"\n","level":"info"}
{"message":"::1 - - [02/Jun/2020:06:35:48 +0000] \"POST /audits HTTP/1.1\" 200 461 \"-\" \"PostmanRuntime/7.25.0\"\n","level":"info"}
