{"error":{"code":"EACCES","errno":"EACCES","syscall":"listen","address":"0.0.0.0","port":3000},"level":"error","message":"uncaughtException: listen EACCES: permission denied 0.0.0.0:3000\nError: listen EACCES: permission denied 0.0.0.0:3000\n    at Server.setupListenHandle [as _listen2] (net.js:1296:21)\n    at listenInCluster (net.js:1361:12)\n    at Server.listen (net.js:1447:7)\n    at Function.listen (E:\\Vaibhav\\WMS\\node_modules\\express\\lib\\application.js:618:24)\n    at Object.<anonymous> (E:\\Vaibhav\\WMS\\app.js:59:5)\n    at Module._compile (internal/modules/cjs/loader.js:1138:30)\n    at Object.Module._extensions..js (internal/modules/cjs/loader.js:1158:10)\n    at Module.load (internal/modules/cjs/loader.js:986:32)\n    at Function.Module._load (internal/modules/cjs/loader.js:879:14)\n    at Function.executeUserEntryPoint [as runMain] (internal/modules/run_main.js:71:12)\n    at internal/main/run_main_module.js:17:47","stack":"Error: listen EACCES: permission denied 0.0.0.0:3000\n    at Server.setupListenHandle [as _listen2] (net.js:1296:21)\n    at listenInCluster (net.js:1361:12)\n    at Server.listen (net.js:1447:7)\n    at Function.listen (E:\\Vaibhav\\WMS\\node_modules\\express\\lib\\application.js:618:24)\n    at Object.<anonymous> (E:\\Vaibhav\\WMS\\app.js:59:5)\n    at Module._compile (internal/modules/cjs/loader.js:1138:30)\n    at Object.Module._extensions..js (internal/modules/cjs/loader.js:1158:10)\n    at Module.load (internal/modules/cjs/loader.js:986:32)\n    at Function.Module._load (internal/modules/cjs/loader.js:879:14)\n    at Function.executeUserEntryPoint [as runMain] (internal/modules/run_main.js:71:12)\n    at internal/main/run_main_module.js:17:47","exception":true,"date":"Mon Jul 20 2020 16:41:31 GMT+0530 (India Standard Time)","process":{"pid":23268,"uid":null,"gid":null,"cwd":"E:\\Vaibhav\\WMS","execPath":"C:\\Program Files\\nodejs\\node.exe","version":"v12.17.0","argv":["C:\\Program Files\\nodejs\\node.exe","E:\\Vaibhav\\WMS\\app.js"],"memoryUsage":{"rss":63131648,"heapTotal":55242752,"heapUsed":24242632,"external":1672405,"arrayBuffers":158983}},"os":{"loadavg":[0,0,0],"uptime":10340},"trace":[{"column":21,"file":"net.js","function":"Server.setupListenHandle [as _listen2]","line":1296,"method":"setupListenHandle [as _listen2]","native":false},{"column":12,"file":"net.js","function":"listenInCluster","line":1361,"method":null,"native":false},{"column":7,"file":"net.js","function":"Server.listen","line":1447,"method":"listen","native":false},{"column":24,"file":"E:\\Vaibhav\\WMS\\node_modules\\express\\lib\\application.js","function":"Function.listen","line":618,"method":"listen","native":false},{"column":5,"file":"E:\\Vaibhav\\WMS\\app.js","function":null,"line":59,"method":null,"native":false},{"column":30,"file":"internal/modules/cjs/loader.js","function":"Module._compile","line":1138,"method":"_compile","native":false},{"column":10,"file":"internal/modules/cjs/loader.js","function":"Module._extensions..js","line":1158,"method":".js","native":false},{"column":32,"file":"internal/modules/cjs/loader.js","function":"Module.load","line":986,"method":"load","native":false},{"column":14,"file":"internal/modules/cjs/loader.js","function":"Module._load","line":879,"method":"_load","native":false},{"column":12,"file":"internal/modules/run_main.js","function":"Function.executeUserEntryPoint [as runMain]","line":71,"method":"executeUserEntryPoint [as runMain]","native":false},{"column":47,"file":"internal/main/run_main_module.js","function":null,"line":17,"method":null,"native":false}]}
{"message":"::1 - - [20/Jul/2020:11:12:53 +0000] \"GET / HTTP/1.1\" 200 43 \"-\" \"Mozilla/5.0 (Windows NT 10.0; Win64; x64) AppleWebKit/537.36 (KHTML, like Gecko) Chrome/83.0.4103.116 Safari/537.36\"\n","level":"info"}
{"message":"::1 - - [20/Jul/2020:11:12:53 +0000] \"GET /favicon.ico HTTP/1.1\" 404 150 \"http://localhost:8000/\" \"Mozilla/5.0 (Windows NT 10.0; Win64; x64) AppleWebKit/537.36 (KHTML, like Gecko) Chrome/83.0.4103.116 Safari/537.36\"\n","level":"info"}
{"message":"::1 - - [20/Jul/2020:11:13:23 +0000] \"GET /nodeapp/putaways/get/dashboardCount HTTP/1.1\" 404 174 \"-\" \"Mozilla/5.0 (Windows NT 10.0; Win64; x64) AppleWebKit/537.36 (KHTML, like Gecko) Chrome/83.0.4103.116 Safari/537.36\"\n","level":"info"}
{"message":"::1 - - [20/Jul/2020:11:13:39 +0000] \"GET /putaways/get/dashboardCount HTTP/1.1\" 200 52 \"-\" \"Mozilla/5.0 (Windows NT 10.0; Win64; x64) AppleWebKit/537.36 (KHTML, like Gecko) Chrome/83.0.4103.116 Safari/537.36\"\n","level":"info"}
{"message":"- - - [20/Jul/2020:11:21:37 +0000] \"GET /nodeapp HTTP/1.1\" 404 146 \"-\" \"Mozilla/5.0 (Windows NT 6.1; Win64; x64) AppleWebKit/537.36 (KHTML, like Gecko) Chrome/83.0.4103.116 Safari/537.36\"\n","level":"info"}
{"message":"- - - [20/Jul/2020:11:22:06 +0000] \"GET /nodeapp HTTP/1.1\" 404 146 \"-\" \"Mozilla/5.0 (Windows NT 10.0; Win64; x64) AppleWebKit/537.36 (KHTML, like Gecko) Chrome/83.0.4103.116 Safari/537.36\"\n","level":"info"}
{"message":"- - - [20/Jul/2020:11:29:02 +0000] \"GET / HTTP/1.1\" 200 43 \"-\" \"Mozilla/5.0 (Windows NT 10.0; Win64; x64) AppleWebKit/537.36 (KHTML, like Gecko) Chrome/83.0.4103.116 Safari/537.36\"\n","level":"info"}
{"message":"- - - [20/Jul/2020:11:29:02 +0000] \"GET /favicon.ico HTTP/1.1\" 404 150 \"http://192.168.0.207:8095/\" \"Mozilla/5.0 (Windows NT 10.0; Win64; x64) AppleWebKit/537.36 (KHTML, like Gecko) Chrome/83.0.4103.116 Safari/537.36\"\n","level":"info"}
{"message":"- - - [20/Jul/2020:11:30:47 +0000] \"GET / HTTP/1.1\" 200 43 \"-\" \"Mozilla/5.0 (Windows NT 10.0; Win64; x64) AppleWebKit/537.36 (KHTML, like Gecko) Chrome/83.0.4103.116 Safari/537.36\"\n","level":"info"}
{"message":"- - - [20/Jul/2020:11:30:47 +0000] \"GET /favicon.ico HTTP/1.1\" 404 150 \"http://localhost:3000/\" \"Mozilla/5.0 (Windows NT 10.0; Win64; x64) AppleWebKit/537.36 (KHTML, like Gecko) Chrome/83.0.4103.116 Safari/537.36\"\n","level":"info"}
{"message":"- - - [20/Jul/2020:11:32:42 +0000] \"GET /putaways/get/dashboardCount HTTP/1.1\" 200 52 \"-\" \"Mozilla/5.0 (Windows NT 10.0; Win64; x64) AppleWebKit/537.36 (KHTML, like Gecko) Chrome/83.0.4103.116 Safari/537.36\"\n","level":"info"}
{"message":"- - - [20/Jul/2020:11:45:13 +0000] \"GET / HTTP/1.1\" 304 - \"-\" \"Mozilla/5.0 (Windows NT 10.0; Win64; x64) AppleWebKit/537.36 (KHTML, like Gecko) Chrome/83.0.4103.116 Safari/537.36\"\n","level":"info"}
{"message":"- - - [20/Jul/2020:11:45:13 +0000] \"GET /favicon.ico HTTP/1.1\" 404 150 \"http://localhost:3000/\" \"Mozilla/5.0 (Windows NT 10.0; Win64; x64) AppleWebKit/537.36 (KHTML, like Gecko) Chrome/83.0.4103.116 Safari/537.36\"\n","level":"info"}
{"message":"- - - [20/Jul/2020:11:45:38 +0000] \"GET / HTTP/1.1\" 200 43 \"-\" \"Mozilla/5.0 (Windows NT 6.1; Win64; x64) AppleWebKit/537.36 (KHTML, like Gecko) Chrome/83.0.4103.116 Safari/537.36\"\n","level":"info"}
{"message":"- - - [20/Jul/2020:11:45:39 +0000] \"GET /favicon.ico HTTP/1.1\" 404 150 \"http://192.168.0.207:3000/\" \"Mozilla/5.0 (Windows NT 6.1; Win64; x64) AppleWebKit/537.36 (KHTML, like Gecko) Chrome/83.0.4103.116 Safari/537.36\"\n","level":"info"}
{"message":"- - - [20/Jul/2020:11:50:04 +0000] \"GET / HTTP/1.1\" 200 43 \"-\" \"Mozilla/5.0 (Windows NT 10.0; Win64; x64) AppleWebKit/537.36 (KHTML, like Gecko) Chrome/83.0.4103.116 Safari/537.36\"\n","level":"info"}
{"message":"- - - [20/Jul/2020:11:50:04 +0000] \"GET / HTTP/1.1\" 200 43 \"-\" \"Mozilla/5.0 (Windows NT 6.1; Win64; x64) AppleWebKit/537.36 (KHTML, like Gecko) Chrome/83.0.4103.116 Safari/537.36\"\n","level":"info"}
{"message":"- - - [20/Jul/2020:11:50:05 +0000] \"GET /favicon.ico HTTP/1.1\" 404 150 \"http://117.232.126.226:3000/\" \"Mozilla/5.0 (Windows NT 10.0; Win64; x64) AppleWebKit/537.36 (KHTML, like Gecko) Chrome/83.0.4103.116 Safari/537.36\"\n","level":"info"}
{"message":"- - - [20/Jul/2020:11:50:05 +0000] \"GET /favicon.ico HTTP/1.1\" 404 150 \"http://117.232.126.226:3000/\" \"Mozilla/5.0 (Windows NT 6.1; Win64; x64) AppleWebKit/537.36 (KHTML, like Gecko) Chrome/83.0.4103.116 Safari/537.36\"\n","level":"info"}
{"message":"- - - [20/Jul/2020:11:50:11 +0000] \"GET / HTTP/1.1\" 304 - \"-\" \"Mozilla/5.0 (Windows NT 10.0; Win64; x64) AppleWebKit/537.36 (KHTML, like Gecko) Chrome/83.0.4103.116 Safari/537.36\"\n","level":"info"}
{"message":"- - - [20/Jul/2020:11:50:47 +0000] \"GET /putaways/get/dashboardCount HTTP/1.1\" 200 52 \"-\" \"Mozilla/5.0 (Windows NT 10.0; Win64; x64) AppleWebKit/537.36 (KHTML, like Gecko) Chrome/83.0.4103.116 Safari/537.36\"\n","level":"info"}
{"message":"- - - [20/Jul/2020:11:51:04 +0000] \"GET /putaways/get/dashboardCount HTTP/1.1\" 200 52 \"-\" \"Mozilla/5.0 (Windows NT 6.1; Win64; x64) AppleWebKit/537.36 (KHTML, like Gecko) Chrome/83.0.4103.116 Safari/537.36\"\n","level":"info"}
{"message":"- - - [20/Jul/2020:12:29:41 +0000] \"POST /users/sign_in HTTP/1.1\" 401 74 \"-\" \"okhttp/3.14.4\"\n","level":"info"}
{"message":"- - - [20/Jul/2020:12:30:17 +0000] \"POST /users/sign_in HTTP/1.1\" 401 74 \"-\" \"okhttp/3.14.4\"\n","level":"info"}
{"message":"- - - [20/Jul/2020:12:31:09 +0000] \"POST /users/sign_in HTTP/1.1\" 401 74 \"-\" \"okhttp/3.14.4\"\n","level":"info"}
{"message":"- - - [20/Jul/2020:12:31:38 +0000] \"POST /users/sign_in HTTP/1.1\" 401 74 \"-\" \"okhttp/3.14.4\"\n","level":"info"}
{"message":"- - - [20/Jul/2020:12:31:57 +0000] \"POST /users/sign_in HTTP/1.1\" 401 74 \"-\" \"okhttp/3.14.4\"\n","level":"info"}
{"message":"- - - [20/Jul/2020:12:32:16 +0000] \"GET / HTTP/1.1\" 200 43 \"-\" \"Mozilla/5.0 (Macintosh; Intel Mac OS X 10.15; rv:78.0) Gecko/20100101 Firefox/78.0\"\n","level":"info"}
{"message":"- - - [20/Jul/2020:12:32:21 +0000] \"GET /putaways/get/dashboardCount HTTP/1.1\" 200 52 \"-\" \"Slackbot-LinkExpanding 1.0 (+https://api.slack.com/robots)\"\n","level":"info"}
{"message":"- - - [20/Jul/2020:12:32:35 +0000] \"GET /putaways/get/dashboardCount HTTP/1.1\" 200 52 \"-\" \"Mozilla/5.0 (Macintosh; Intel Mac OS X 10.15; rv:78.0) Gecko/20100101 Firefox/78.0\"\n","level":"info"}
{"message":"- - - [20/Jul/2020:12:32:38 +0000] \"GET / HTTP/1.1\" 304 - \"-\" \"Mozilla/5.0 (Windows NT 10.0; Win64; x64) AppleWebKit/537.36 (KHTML, like Gecko) Chrome/83.0.4103.116 Safari/537.36\"\n","level":"info"}
{"message":"- - - [20/Jul/2020:12:32:49 +0000] \"GET /putaways/get/dashboardCount HTTP/1.1\" 304 - \"-\" \"Mozilla/5.0 (Windows NT 10.0; Win64; x64) AppleWebKit/537.36 (KHTML, like Gecko) Chrome/83.0.4103.116 Safari/537.36\"\n","level":"info"}
{"message":"- - - [20/Jul/2020:12:34:47 +0000] \"GET /users HTTP/1.1\" 200 168 \"-\" \"Mozilla/5.0 (Windows NT 10.0; Win64; x64) AppleWebKit/537.36 (KHTML, like Gecko) Chrome/84.0.4147.89 Safari/537.36\"\n","level":"info"}
{"message":"- - - [20/Jul/2020:12:34:48 +0000] \"GET /favicon.ico HTTP/1.1\" 404 150 \"http://117.232.126.226:3000/users\" \"Mozilla/5.0 (Windows NT 10.0; Win64; x64) AppleWebKit/537.36 (KHTML, like Gecko) Chrome/84.0.4147.89 Safari/537.36\"\n","level":"info"}
{"message":"- - - [20/Jul/2020:12:50:32 +0000] \"GET / HTTP/1.0\" 200 43 \"-\" \"-\"\n","level":"info"}
{"message":"- - - [20/Jul/2020:14:44:01 +0000] \"GET /favicon.ico HTTP/1.1\" 404 150 \"http://117.232.126.226:3000/putaways/get/dashboardCount\" \"Mozilla/5.0 (Windows NT 6.1; Win64; x64) AppleWebKit/537.36 (KHTML, like Gecko) Chrome/83.0.4103.116 Safari/537.36\"\n","level":"info"}
{"message":"- - - [21/Jul/2020:02:25:24 +0000] \"GET / HTTP/1.1\" 200 43 \"-\" \"Mozilla/5.0 (Macintosh; Intel Mac OS X 10.11; rv:47.0) Gecko/20100101 Firefox/47.0\"\n","level":"info"}
{"message":"- - - [21/Jul/2020:04:27:57 +0000] \"GET / HTTP/1.1\" 200 43 \"-\" \"Mozilla/5.0 (X11; Linux x86_64) AppleWebKit/537.36 (KHTML, like Gecko) Chrome/72.0.3602.2 Safari/537.36\"\n","level":"info"}
{"message":"- - - [21/Jul/2020:06:49:11 +0000] \"POST /users/sign_in HTTP/1.1\" 200 166 \"-\" \"okhttp/3.14.4\"\n","level":"info"}
{"message":"- - - [21/Jul/2020:06:49:12 +0000] \"GET /pickings/get/dashboardCount HTTP/1.1\" 200 49 \"-\" \"okhttp/3.14.4\"\n","level":"info"}
{"message":"- - - [21/Jul/2020:06:49:15 +0000] \"GET /putaways/get/dashboardCount HTTP/1.1\" 200 52 \"-\" \"okhttp/3.14.4\"\n","level":"info"}
{"message":"- - - [21/Jul/2020:06:49:19 +0000] \"GET /putaways HTTP/1.1\" 200 4829 \"-\" \"okhttp/3.14.4\"\n","level":"info"}
{"message":"- - - [21/Jul/2020:06:49:19 +0000] \"GET /putaways/scanned HTTP/1.1\" 200 787 \"-\" \"okhttp/3.14.4\"\n","level":"info"}
{"message":"- - - [21/Jul/2020:06:49:32 +0000] \"GET /putaways/get/dashboardCount HTTP/1.1\" 304 - \"-\" \"okhttp/3.14.4\"\n","level":"info"}
{"message":"- - - [21/Jul/2020:06:49:32 +0000] \"GET /pickings/get/dashboardCount HTTP/1.1\" 304 - \"-\" \"okhttp/3.14.4\"\n","level":"info"}
{"message":"- - - [21/Jul/2020:07:51:04 +0000] \"GET /putaways/scanned HTTP/1.1\" 304 - \"-\" \"okhttp/3.14.4\"\n","level":"info"}
{"message":"- - - [21/Jul/2020:07:51:04 +0000] \"GET /putaways HTTP/1.1\" 304 - \"-\" \"okhttp/3.14.4\"\n","level":"info"}
{"message":"- - - [21/Jul/2020:07:51:04 +0000] \"GET /pickings/get/dashboardCount HTTP/1.1\" 304 - \"-\" \"okhttp/3.14.4\"\n","level":"info"}
{"message":"- - - [21/Jul/2020:07:51:04 +0000] \"GET /putaways/get/dashboardCount HTTP/1.1\" 304 - \"-\" \"okhttp/3.14.4\"\n","level":"info"}
{"message":"- - - [21/Jul/2020:07:51:04 +0000] \"GET /putaways/scanned HTTP/1.1\" 304 - \"-\" \"okhttp/3.14.4\"\n","level":"info"}
{"message":"- - - [21/Jul/2020:07:51:04 +0000] \"GET /putaways HTTP/1.1\" 304 - \"-\" \"okhttp/3.14.4\"\n","level":"info"}
{"message":"- - - [21/Jul/2020:07:51:05 +0000] \"GET /pickings/get/dashboardCount HTTP/1.1\" 304 - \"-\" \"okhttp/3.14.4\"\n","level":"info"}
{"message":"- - - [21/Jul/2020:07:51:05 +0000] \"GET /putaways/get/dashboardCount HTTP/1.1\" 304 - \"-\" \"okhttp/3.14.4\"\n","level":"info"}
{"message":"- - - [21/Jul/2020:07:51:06 +0000] \"GET /pickings/get/dashboardCount HTTP/1.1\" 304 - \"-\" \"okhttp/3.14.4\"\n","level":"info"}
{"message":"- - - [21/Jul/2020:07:51:06 +0000] \"GET /putaways/get/dashboardCount HTTP/1.1\" 304 - \"-\" \"okhttp/3.14.4\"\n","level":"info"}
{"message":"- - - [21/Jul/2020:07:51:07 +0000] \"GET /putaways/scanned HTTP/1.1\" 304 - \"-\" \"okhttp/3.14.4\"\n","level":"info"}
{"message":"- - - [21/Jul/2020:07:51:07 +0000] \"GET /putaways HTTP/1.1\" 304 - \"-\" \"okhttp/3.14.4\"\n","level":"info"}
{"message":"- - - [21/Jul/2020:07:51:47 +0000] \"GET /putaways HTTP/1.1\" 304 - \"-\" \"okhttp/3.14.4\"\n","level":"info"}
{"message":"- - - [21/Jul/2020:07:53:13 +0000] \"GET /putaways HTTP/1.1\" 304 - \"-\" \"okhttp/3.14.4\"\n","level":"info"}
{"message":"- - - [21/Jul/2020:07:53:29 +0000] \"GET /pickings/get/dashboardCount HTTP/1.1\" 304 - \"-\" \"okhttp/3.14.4\"\n","level":"info"}
{"message":"- - - [21/Jul/2020:07:53:29 +0000] \"GET /putaways/get/dashboardCount HTTP/1.1\" 304 - \"-\" \"okhttp/3.14.4\"\n","level":"info"}
{"message":"- - - [21/Jul/2020:07:53:30 +0000] \"GET /putaways/scanned HTTP/1.1\" 304 - \"-\" \"okhttp/3.14.4\"\n","level":"info"}
{"message":"- - - [21/Jul/2020:07:53:31 +0000] \"GET /putaways HTTP/1.1\" 304 - \"-\" \"okhttp/3.14.4\"\n","level":"info"}
{"message":"- - - [21/Jul/2020:07:53:40 +0000] \"GET /pickings/get/dashboardCount HTTP/1.1\" 304 - \"-\" \"okhttp/3.14.4\"\n","level":"info"}
{"message":"- - - [21/Jul/2020:07:53:40 +0000] \"GET /putaways/get/dashboardCount HTTP/1.1\" 304 - \"-\" \"okhttp/3.14.4\"\n","level":"info"}
{"message":"- - - [21/Jul/2020:07:53:55 +0000] \"GET /putaways HTTP/1.1\" 304 - \"-\" \"okhttp/3.14.4\"\n","level":"info"}
{"message":"- - - [21/Jul/2020:07:53:55 +0000] \"GET /putaways/scanned HTTP/1.1\" 304 - \"-\" \"okhttp/3.14.4\"\n","level":"info"}
{"message":"- - - [21/Jul/2020:07:53:56 +0000] \"GET /putaways/get/dashboardCount HTTP/1.1\" 304 - \"-\" \"okhttp/3.14.4\"\n","level":"info"}
{"message":"- - - [21/Jul/2020:07:53:56 +0000] \"GET /pickings/get/dashboardCount HTTP/1.1\" 304 - \"-\" \"okhttp/3.14.4\"\n","level":"info"}
{"message":"- - - [21/Jul/2020:08:41:13 +0000] \"GET / HTTP/1.0\" 200 43 \"-\" \"Mozilla/5.0 (X11; Linux x86_64) AppleWebKit/537.36 (KHTML, like Gecko) Chrome/72.0.3602.2 Safari/537.36\"\n","level":"info"}
{"message":"- - - [21/Jul/2020:09:41:08 +0000] \"GET /pickings/get/dashboardCount HTTP/1.1\" 200 49 \"-\" \"okhttp/3.14.4\"\n","level":"info"}
{"message":"- - - [21/Jul/2020:09:41:08 +0000] \"GET /putaways/get/dashboardCount HTTP/1.1\" 200 51 \"-\" \"okhttp/3.14.4\"\n","level":"info"}
{"message":"- - - [21/Jul/2020:09:41:08 +0000] \"GET /pickings/picked HTTP/1.1\" 200 2 \"-\" \"okhttp/3.14.4\"\n","level":"info"}
{"message":"- - - [21/Jul/2020:09:41:10 +0000] \"GET /pickings HTTP/1.1\" 200 1482 \"-\" \"okhttp/3.14.4\"\n","level":"info"}
{"message":"- - - [21/Jul/2020:09:41:10 +0000] \"GET /pickings/picked HTTP/1.1\" 304 - \"-\" \"okhttp/3.14.4\"\n","level":"info"}
{"message":"- - - [21/Jul/2020:09:41:12 +0000] \"GET /pickings HTTP/1.1\" 200 1482 \"-\" \"okhttp/3.14.4\"\n","level":"info"}
{"message":"- - - [21/Jul/2020:09:56:28 +0000] \"GET /pickings HTTP/1.1\" 304 - \"-\" \"okhttp/3.14.4\"\n","level":"info"}
{"message":"- - - [21/Jul/2020:10:13:08 +0000] \"GET /putaways/get/dashboardCount HTTP/1.1\" 200 51 \"-\" \"Mozilla/5.0 (Windows NT 10.0; Win64; x64) AppleWebKit/537.36 (KHTML, like Gecko) Chrome/83.0.4103.116 Safari/537.36\"\n","level":"info"}
{"message":"- - - [21/Jul/2020:10:23:25 +0000] \"GET /putaways/get/dashboardCount HTTP/1.1\" 200 51 \"-\" \"okhttp/3.14.4\"\n","level":"info"}
{"message":"- - - [21/Jul/2020:10:23:25 +0000] \"GET /pickings/get/dashboardCount HTTP/1.1\" 200 49 \"-\" \"okhttp/3.14.4\"\n","level":"info"}
{"message":"- - - [21/Jul/2020:10:23:30 +0000] \"GET /putaways HTTP/1.1\" 200 3344 \"-\" \"okhttp/3.14.4\"\n","level":"info"}
{"message":"- - - [21/Jul/2020:10:23:30 +0000] \"GET /putaways/scanned HTTP/1.1\" 200 2272 \"-\" \"okhttp/3.14.4\"\n","level":"info"}
{"message":"- - - [21/Jul/2020:10:24:02 +0000] \"GET /putaways HTTP/1.1\" 304 - \"-\" \"okhttp/3.14.4\"\n","level":"info"}
{"message":"- - - [21/Jul/2020:10:24:24 +0000] \"GET /putaways HTTP/1.1\" 304 - \"-\" \"okhttp/3.14.4\"\n","level":"info"}
{"message":"- - - [21/Jul/2020:10:26:17 +0000] \"GET /putaways HTTP/1.1\" 304 - \"-\" \"okhttp/3.14.4\"\n","level":"info"}
{"message":"- - - [21/Jul/2020:10:28:11 +0000] \"GET /pickings/get/dashboardCount HTTP/1.1\" 304 - \"-\" \"okhttp/3.14.4\"\n","level":"info"}
{"message":"- - - [21/Jul/2020:10:28:11 +0000] \"GET /putaways/get/dashboardCount HTTP/1.1\" 304 - \"-\" \"okhttp/3.14.4\"\n","level":"info"}
{"message":"- - - [21/Jul/2020:10:28:13 +0000] \"GET /putaways/scanned HTTP/1.1\" 304 - \"-\" \"okhttp/3.14.4\"\n","level":"info"}
{"message":"- - - [21/Jul/2020:10:28:13 +0000] \"GET /putaways HTTP/1.1\" 304 - \"-\" \"okhttp/3.14.4\"\n","level":"info"}
{"message":"- - - [21/Jul/2020:10:28:42 +0000] \"GET /putaways HTTP/1.1\" 304 - \"-\" \"okhttp/3.14.4\"\n","level":"info"}
{"message":"- - - [21/Jul/2020:10:29:17 +0000] \"GET / HTTP/1.1\" 200 43 \"-\" \"Mozilla/5.0 (Windows NT 10.0; Win64; x64) AppleWebKit/537.36 (KHTML, like Gecko) Chrome/84.0.4147.89 Safari/537.36\"\n","level":"info"}
{"message":"- - - [21/Jul/2020:10:29:18 +0000] \"GET /favicon.ico HTTP/1.1\" 404 150 \"http://117.232.126.226:3000/\" \"Mozilla/5.0 (Windows NT 10.0; Win64; x64) AppleWebKit/537.36 (KHTML, like Gecko) Chrome/84.0.4147.89 Safari/537.36\"\n","level":"info"}
{"message":"- - - [21/Jul/2020:10:29:28 +0000] \"GET / HTTP/1.1\" 200 43 \"-\" \"PostmanRuntime/7.26.1\"\n","level":"info"}
{"message":"- - - [21/Jul/2020:10:29:31 +0000] \"GET /users HTTP/1.1\" 200 168 \"-\" \"PostmanRuntime/7.26.1\"\n","level":"info"}
{"message":"- - - [21/Jul/2020:10:29:36 +0000] \"GET /pickings/get/dashboardCount HTTP/1.1\" 304 - \"-\" \"okhttp/3.14.4\"\n","level":"info"}
{"message":"- - - [21/Jul/2020:10:29:36 +0000] \"GET /putaways/get/dashboardCount HTTP/1.1\" 304 - \"-\" \"okhttp/3.14.4\"\n","level":"info"}
{"message":"- - - [21/Jul/2020:10:29:39 +0000] \"GET /putaways HTTP/1.1\" 304 - \"-\" \"okhttp/3.14.4\"\n","level":"info"}
{"message":"- - - [21/Jul/2020:10:29:39 +0000] \"GET /putaways/scanned HTTP/1.1\" 304 - \"-\" \"okhttp/3.14.4\"\n","level":"info"}
{"message":"- - - [21/Jul/2020:10:30:20 +0000] \"GET /putaways HTTP/1.1\" 304 - \"-\" \"okhttp/3.14.4\"\n","level":"info"}
{"message":"- - - [21/Jul/2020:10:35:59 +0000] \"GET /materialinwards HTTP/1.1\" 200 2 \"-\" \"PostmanRuntime/7.26.1\"\n","level":"info"}
{"message":"- - - [21/Jul/2020:10:36:08 +0000] \"GET /materialinwards HTTP/1.1\" 200 2 \"-\" \"PostmanRuntime/7.26.1\"\n","level":"info"}
{"message":"- - - [21/Jul/2020:10:36:16 +0000] \"GET /putaways HTTP/1.1\" 200 3344 \"-\" \"PostmanRuntime/7.26.1\"\n","level":"info"}
{"message":"- - - [21/Jul/2020:10:36:38 +0000] \"GET / HTTP/1.1\" 200 43 \"-\" \"Slackbot-LinkExpanding 1.0 (+https://api.slack.com/robots)\"\n","level":"info"}
{"message":"- - - [21/Jul/2020:10:37:50 +0000] \"GET /putaways HTTP/1.1\" 200 3344 \"-\" \"PostmanRuntime/7.26.1\"\n","level":"info"}
{"message":"- - - [21/Jul/2020:10:40:14 +0000] \"POST /putaways HTTP/1.1\" 200 354 \"-\" \"PostmanRuntime/7.26.1\"\n","level":"info"}
{"message":"- - - [21/Jul/2020:10:40:59 +0000] \"GET /users HTTP/1.1\" 200 168 \"-\" \"PostmanRuntime/7.26.1\"\n","level":"info"}
{"message":"- - - [21/Jul/2020:10:59:27 +0000] \"GET / HTTP/1.1\" 304 - \"-\" \"Mozilla/5.0 (Windows NT 10.0; Win64; x64) AppleWebKit/537.36 (KHTML, like Gecko) Chrome/83.0.4103.116 Safari/537.36\"\n","level":"info"}
{"message":"- - - [21/Jul/2020:10:59:27 +0000] \"GET /favicon.ico HTTP/1.1\" 404 150 \"http://localhost:3000/\" \"Mozilla/5.0 (Windows NT 10.0; Win64; x64) AppleWebKit/537.36 (KHTML, like Gecko) Chrome/83.0.4103.116 Safari/537.36\"\n","level":"info"}
{"message":"- - - [21/Jul/2020:11:07:38 +0000] \"GET / HTTP/1.1\" 200 43 \"-\" \"Mozilla/5.0 (Windows NT 10.0; Win64; x64) AppleWebKit/537.36 (KHTML, like Gecko) Chrome/83.0.4103.116 Safari/537.36\"\n","level":"info"}
{"message":"- - - [21/Jul/2020:11:13:38 +0000] \"GET / HTTP/1.1\" 200 43 \"-\" \"Mozilla/5.0 (Windows NT 10.0; Win64; x64) AppleWebKit/537.36 (KHTML, like Gecko) Chrome/83.0.4103.116 Safari/537.36\"\n","level":"info"}
{"message":"- - - [21/Jul/2020:11:14:02 +0000] \"GET /picking HTTP/1.1\" 404 146 \"-\" \"PostmanRuntime/7.26.1\"\n","level":"info"}
{"message":"- - - [21/Jul/2020:11:14:07 +0000] \"GET /pickings HTTP/1.1\" 200 1482 \"-\" \"PostmanRuntime/7.26.1\"\n","level":"info"}
{"message":"- - - [21/Jul/2020:11:14:39 +0000] \"POST /pickings HTTP/1.1\" 500 43 \"-\" \"PostmanRuntime/7.26.1\"\n","level":"info"}
{"message":"- - - [21/Jul/2020:11:14:58 +0000] \"GET /putaways/get/dashboardCount HTTP/1.1\" 200 51 \"-\" \"PostmanRuntime/7.26.1\"\n","level":"info"}
{"message":"- - - [21/Jul/2020:11:16:40 +0000] \"GET /putaways/7 HTTP/1.1\" 404 149 \"-\" \"PostmanRuntime/7.26.1\"\n","level":"info"}
{"message":"- - - [21/Jul/2020:11:16:47 +0000] \"GET /putaways HTTP/1.1\" 200 3743 \"-\" \"PostmanRuntime/7.26.1\"\n","level":"info"}
{"message":"- - - [21/Jul/2020:11:20:58 +0000] \"GET / HTTP/1.1\" 304 - \"-\" \"Mozilla/5.0 (Windows NT 10.0; Win64; x64) AppleWebKit/537.36 (KHTML, like Gecko) Chrome/83.0.4103.116 Safari/537.36\"\n","level":"info"}
{"message":"- - - [21/Jul/2020:11:21:55 +0000] \"GET / HTTP/1.1\" 304 - \"-\" \"Mozilla/5.0 (Windows NT 10.0; Win64; x64) AppleWebKit/537.36 (KHTML, like Gecko) Chrome/83.0.4103.116 Safari/537.36\"\n","level":"info"}
{"message":"- - - [21/Jul/2020:11:25:33 +0000] \"GET / HTTP/1.1\" 304 - \"-\" \"Mozilla/5.0 (Windows NT 10.0; Win64; x64) AppleWebKit/537.36 (KHTML, like Gecko) Chrome/83.0.4103.116 Safari/537.36\"\n","level":"info"}
{"message":"- - - [21/Jul/2020:11:32:34 +0000] \"GET /putaways HTTP/1.1\" 200 3743 \"-\" \"PostmanRuntime/7.26.1\"\n","level":"info"}
{"message":"- - - [21/Jul/2020:11:32:52 +0000] \"GET /users HTTP/1.1\" 200 168 \"-\" \"PostmanRuntime/7.26.1\"\n","level":"info"}
{"message":"- - - [21/Jul/2020:11:33:42 +0000] \"POST /users HTTP/1.1\" 200 168 \"-\" \"PostmanRuntime/7.26.1\"\n","level":"info"}
{"message":"- - - [21/Jul/2020:11:34:45 +0000] \"GET /users HTTP/1.1\" 200 337 \"-\" \"PostmanRuntime/7.26.1\"\n","level":"info"}
{"message":"- - - [21/Jul/2020:11:35:32 +0000] \"GET / HTTP/1.1\" 304 - \"-\" \"Mozilla/5.0 (Windows NT 10.0; Win64; x64) AppleWebKit/537.36 (KHTML, like Gecko) Chrome/83.0.4103.116 Safari/537.36\"\n","level":"info"}
{"message":"- - - [21/Jul/2020:11:36:08 +0000] \"POST /putaways/7 HTTP/1.1\" 404 150 \"-\" \"PostmanRuntime/7.26.1\"\n","level":"info"}
{"message":"- - - [21/Jul/2020:11:37:34 +0000] \"POST /users HTTP/1.1\" 200 171 \"-\" \"PostmanRuntime/7.26.1\"\n","level":"info"}
{"message":"- - - [21/Jul/2020:11:37:55 +0000] \"GET /users HTTP/1.1\" 200 509 \"-\" \"PostmanRuntime/7.26.1\"\n","level":"info"}
{"message":"- - - [21/Jul/2020:11:38:17 +0000] \"GET / HTTP/1.1\" 304 - \"-\" \"Mozilla/5.0 (Windows NT 10.0; Win64; x64) AppleWebKit/537.36 (KHTML, like Gecko) Chrome/83.0.4103.116 Safari/537.36\"\n","level":"info"}
{"message":"- - - [21/Jul/2020:11:38:30 +0000] \"POST /putaways/post/update HTTP/1.1\" 200 44 \"-\" \"PostmanRuntime/7.26.1\"\n","level":"info"}
{"message":"- - - [21/Jul/2020:11:38:44 +0000] \"GET /putaways HTTP/1.1\" 200 2089 \"-\" \"PostmanRuntime/7.26.1\"\n","level":"info"}
{"message":"- - - [21/Jul/2020:11:39:28 +0000] \"GET /putaways/scanned HTTP/1.1\" 200 4022 \"-\" \"PostmanRuntime/7.26.1\"\n","level":"info"}
{"message":"::1 - - [29/Jul/2020:04:32:04 +0000] \"POST /materialinwards HTTP/1.1\" 200 558 \"-\" \"PostmanRuntime/7.26.2\"\n","level":"info"}
{"message":"::1 - - [29/Jul/2020:04:32:16 +0000] \"POST /materialinwards HTTP/1.1\" 500 59 \"-\" \"PostmanRuntime/7.26.2\"\n","level":"info"}
{"message":"::1 - - [29/Jul/2020:04:32:32 +0000] \"POST /materialinwards HTTP/1.1\" 200 559 \"-\" \"PostmanRuntime/7.26.2\"\n","level":"info"}
{"message":"::1 - - [29/Jul/2020:04:32:37 +0000] \"POST /materialinwards HTTP/1.1\" 500 59 \"-\" \"PostmanRuntime/7.26.2\"\n","level":"info"}
{"message":"::1 - - [29/Jul/2020:04:32:57 +0000] \"POST /audits HTTP/1.1\" 200 559 \"-\" \"PostmanRuntime/7.26.2\"\n","level":"info"}
{"message":"::1 - - [29/Jul/2020:04:33:03 +0000] \"POST /audits HTTP/1.1\" 200 558 \"-\" \"PostmanRuntime/7.26.2\"\n","level":"info"}
{"message":"::1 - - [29/Jul/2020:04:33:05 +0000] \"POST /audits HTTP/1.1\" 500 57 \"-\" \"PostmanRuntime/7.26.2\"\n","level":"info"}
{"message":"::1 - - [29/Jul/2020:04:33:12 +0000] \"POST /audits HTTP/1.1\" 500 57 \"-\" \"PostmanRuntime/7.26.2\"\n","level":"info"}
